1528899953763	geckodriver	INFO	geckodriver 0.20.1
1528899953779	geckodriver	INFO	Listening on 127.0.0.1:63320
1528899954787	mozrunner::runner	INFO	Running command: "/Applications/Firefox.app/Contents/MacOS/firefox-bin" "-marionette" "-profile" "/var/folders/8y/stzpb8ks7sn158gxr_wyrp4r0000gn/T/rust_mozprofile.D6KCmMYxeueu"
2018-06-13 16:25:56.209 plugin-container[47066:2776883] *** CFMessagePort: bootstrap_register(): failed 1100 (0x44c) 'Permission denied', port = 0x7143, name = 'com.apple.tsm.portname'
See /usr/include/servers/bootstrap_defs.h for the error codes.
1528899956679	Marionette	INFO	Listening on port 63331
1528899956783	Marionette	WARN	TLS certificate errors will be ignored for this session
2018-06-13 16:25:57.581 plugin-container[47068:2776966] *** CFMessagePort: bootstrap_register(): failed 1100 (0x44c) 'Permission denied', port = 0x763f, name = 'com.apple.tsm.portname'
See /usr/include/servers/bootstrap_defs.h for the error codes.
*** UTM:SVC TimerManager:registerTimer called after profile-before-change notification. Ignoring timer registration for id: telemetry_modules_ping
1528900036326	geckodriver	INFO	geckodriver 0.20.1
1528900036332	geckodriver	INFO	Listening on 127.0.0.1:63400
1528900037356	mozrunner::runner	INFO	Running command: "/Applications/Firefox.app/Contents/MacOS/firefox-bin" "-marionette" "-profile" "/var/folders/8y/stzpb8ks7sn158gxr_wyrp4r0000gn/T/rust_mozprofile.gLTCzk806Iuh"
2018-06-13 16:27:18.781 plugin-container[47089:2778237] *** CFMessagePort: bootstrap_register(): failed 1100 (0x44c) 'Permission denied', port = 0x7a43, name = 'com.apple.tsm.portname'
See /usr/include/servers/bootstrap_defs.h for the error codes.
1528900039272	Marionette	INFO	Listening on port 63411
1528900039343	Marionette	WARN	TLS certificate errors will be ignored for this session
2018-06-13 16:27:19.896 plugin-container[47090:2778316] *** CFMessagePort: bootstrap_register(): failed 1100 (0x44c) 'Permission denied', port = 0x8b3f, name = 'com.apple.tsm.portname'
See /usr/include/servers/bootstrap_defs.h for the error codes.
*** UTM:SVC TimerManager:registerTimer called after profile-before-change notification. Ignoring timer registration for id: telemetry_modules_ping
1528901406943	geckodriver	INFO	geckodriver 0.20.1
1528901406959	geckodriver	INFO	Listening on 127.0.0.1:63951
1528901407962	mozrunner::runner	INFO	Running command: "/Applications/Firefox.app/Contents/MacOS/firefox-bin" "-marionette" "-profile" "/var/folders/8y/stzpb8ks7sn158gxr_wyrp4r0000gn/T/rust_mozprofile.46pyy7m8nYCw"
2018-06-13 16:50:09.522 plugin-container[47314:2792870] *** CFMessagePort: bootstrap_register(): failed 1100 (0x44c) 'Permission denied', port = 0x763f, name = 'com.apple.tsm.portname'
See /usr/include/servers/bootstrap_defs.h for the error codes.
1528901410083	Marionette	INFO	Listening on port 63962
1528901410176	Marionette	WARN	TLS certificate errors will be ignored for this session
2018-06-13 16:50:10.662 plugin-container[47316:2792949] *** CFMessagePort: bootstrap_register(): failed 1100 (0x44c) 'Permission denied', port = 0x8307, name = 'com.apple.tsm.portname'
See /usr/include/servers/bootstrap_defs.h for the error codes.
*** UTM:SVC TimerManager:registerTimer called after profile-before-change notification. Ignoring timer registration for id: telemetry_modules_ping
1528902478940	geckodriver	INFO	geckodriver 0.20.1
1528902478946	geckodriver	INFO	Listening on 127.0.0.1:64215
1528902479968	mozrunner::runner	INFO	Running command: "/Applications/Firefox.app/Contents/MacOS/firefox-bin" "-marionette" "-profile" "/var/folders/8y/stzpb8ks7sn158gxr_wyrp4r0000gn/T/rust_mozprofile.sxh0mSftxSt7"
2018-06-13 17:08:01.304 plugin-container[47470:2803856] *** CFMessagePort: bootstrap_register(): failed 1100 (0x44c) 'Permission denied', port = 0x9143, name = 'com.apple.tsm.portname'
See /usr/include/servers/bootstrap_defs.h for the error codes.
1528902482010	Marionette	INFO	Listening on port 64226
1528902482068	Marionette	WARN	TLS certificate errors will be ignored for this session
2018-06-13 17:08:02.630 plugin-container[47471:2803935] *** CFMessagePort: bootstrap_register(): failed 1100 (0x44c) 'Permission denied', port = 0x8703, name = 'com.apple.tsm.portname'
See /usr/include/servers/bootstrap_defs.h for the error codes.
*** UTM:SVC TimerManager:registerTimer called after profile-before-change notification. Ignoring timer registration for id: telemetry_modules_ping
